<?xml version="1.0" encoding="UTF-8"?>
<testsuite name="PointTest" tests="1" skipped="0" failures="0" errors="0" timestamp="2021-01-11T21:59:53" hostname="spbnb-prc2727" time="0.005">
  <properties/>
  <testcase name="testDistance" classname="PointTest" time="0.005"/>
  <system-out><![CDATA[]]></system-out>
  <system-err><![CDATA[]]></system-err>
</testsuite>
